<?xml version="1.0" encoding="UTF-8"?>
<!-- Generated by org.testng.reporters.JUnitReportReporter -->
<testsuite hostname="SIML069" failures="0" tests="2" name="demo_log.demo_log" time="0.641" errors="0" timestamp="2025-09-04T14:35:29 IST" skipped="0">
  <testcase classname="demo_log.demo_log" name="testFetchFromDropdown" time="0.399"/>
  <testcase classname="demo_log.demo_log" name="testFetchFromTextBox" time="0.242"/>
</testsuite> <!-- demo_log.demo_log -->
