<?xml version="1.0" encoding="UTF-8"?>
<!-- Generated by org.testng.reporters.JUnitReportReporter -->
<testsuite hostname="SIML069" failures="0" tests="1" name="amazonpage.amazonpage" time="8.205" errors="0" timestamp="2025-09-05T12:37:30 IST" skipped="0">
  <testcase classname="amazonpage.amazonpage" name="login" time="8.205"/>
</testsuite> <!-- amazonpage.amazonpage -->
